{"E:\\courses\\rocketseat\\desafios\\node-primeira-api\\src\\app.ts": {"path":"E:\\courses\\rocketseat\\desafios\\node-primeira-api\\src\\app.ts","statementMap":{"0":{"start":{"line":14,"column":13},"end":{"line":24,"column":null}},"1":{"start":{"line":26,"column":0},"end":{"line":43,"column":null}},"2":{"start":{"line":27,"column":1},"end":{"line":35,"column":null}},"3":{"start":{"line":37,"column":1},"end":{"line":42,"column":null}},"4":{"start":{"line":45,"column":0},"end":{"line":45,"column":null}},"5":{"start":{"line":46,"column":0},"end":{"line":46,"column":null}},"6":{"start":{"line":48,"column":0},"end":{"line":48,"column":null}},"7":{"start":{"line":49,"column":0},"end":{"line":49,"column":null}},"8":{"start":{"line":50,"column":0},"end":{"line":50,"column":null}}},"fnMap":{},"branchMap":{"0":{"loc":{"start":{"line":26,"column":0},"end":{"line":43,"column":null}},"type":"if","locations":[{"start":{"line":26,"column":0},"end":{"line":43,"column":null}},{"start":{},"end":{}}],"line":26}},"s":{"0":3,"1":3,"2":0,"3":0,"4":3,"5":3,"6":3,"7":3,"8":3},"f":{},"b":{"0":[0,3]},"meta":{"lastBranch":1,"lastFunction":0,"lastStatement":9,"seen":{"s:14:13:24:Infinity":0,"b:26:0:43:Infinity:undefined:undefined:undefined:undefined":0,"s:26:0:43:Infinity":1,"s:27:1:35:Infinity":2,"s:37:1:42:Infinity":3,"s:45:0:45:Infinity":4,"s:46:0:46:Infinity":5,"s:48:0:48:Infinity":6,"s:49:0:49:Infinity":7,"s:50:0:50:Infinity":8}}}
,"E:\\courses\\rocketseat\\desafios\\node-primeira-api\\src\\database\\client.ts": {"path":"E:\\courses\\rocketseat\\desafios\\node-primeira-api\\src\\database\\client.ts","statementMap":{"0":{"start":{"line":3,"column":13},"end":{"line":5,"column":null}}},"fnMap":{},"branchMap":{},"s":{"0":3},"f":{},"b":{},"meta":{"lastBranch":0,"lastFunction":0,"lastStatement":1,"seen":{"s:3:13:5:Infinity":0}}}
,"E:\\courses\\rocketseat\\desafios\\node-primeira-api\\src\\database\\schema.ts": {"path":"E:\\courses\\rocketseat\\desafios\\node-primeira-api\\src\\database\\schema.ts","statementMap":{"0":{"start":{"line":4,"column":13},"end":{"line":8,"column":null}},"1":{"start":{"line":10,"column":13},"end":{"line":14,"column":null}},"2":{"start":{"line":16,"column":13},"end":{"line":29,"column":null}},"3":{"start":{"line":22,"column":21},"end":{"line":22,"column":29}},"4":{"start":{"line":25,"column":21},"end":{"line":25,"column":31}},"5":{"start":{"line":28,"column":12},"end":{"line":28,"column":null}}},"fnMap":{"0":{"name":"(anonymous_0)","decl":{"start":{"line":22,"column":15},"end":{"line":22,"column":21}},"loc":{"start":{"line":22,"column":21},"end":{"line":22,"column":29}},"line":22},"1":{"name":"(anonymous_1)","decl":{"start":{"line":25,"column":15},"end":{"line":25,"column":21}},"loc":{"start":{"line":25,"column":21},"end":{"line":25,"column":31}},"line":25},"2":{"name":"(anonymous_2)","decl":{"start":{"line":28,"column":1},"end":{"line":28,"column":2}},"loc":{"start":{"line":28,"column":12},"end":{"line":28,"column":null}},"line":28}},"branchMap":{},"s":{"0":3,"1":3,"2":3,"3":0,"4":0,"5":0},"f":{"0":0,"1":0,"2":0},"b":{},"meta":{"lastBranch":0,"lastFunction":3,"lastStatement":6,"seen":{"s:4:13:8:Infinity":0,"s:10:13:14:Infinity":1,"s:16:13:29:Infinity":2,"f:22:15:22:21":0,"s:22:21:22:29":3,"f:25:15:25:21":1,"s:25:21:25:31":4,"f:28:1:28:2":2,"s:28:12:28:Infinity":5}}}
,"E:\\courses\\rocketseat\\desafios\\node-primeira-api\\src\\routes\\create-course.ts": {"path":"E:\\courses\\rocketseat\\desafios\\node-primeira-api\\src\\routes\\create-course.ts","statementMap":{"0":{"start":{"line":6,"column":56},"end":{"line":34,"column":null}},"1":{"start":{"line":7,"column":1},"end":{"line":33,"column":null}},"2":{"start":{"line":24,"column":23},"end":{"line":24,"column":null}},"3":{"start":{"line":26,"column":18},"end":{"line":29,"column":null}},"4":{"start":{"line":31,"column":3},"end":{"line":31,"column":null}}},"fnMap":{"0":{"name":"(anonymous_0)","decl":{"start":{"line":6,"column":56},"end":{"line":6,"column":63}},"loc":{"start":{"line":6,"column":74},"end":{"line":34,"column":null}},"line":6},"1":{"name":"(anonymous_1)","decl":{"start":{"line":23,"column":2},"end":{"line":23,"column":9}},"loc":{"start":{"line":23,"column":28},"end":{"line":32,"column":null}},"line":23}},"branchMap":{},"s":{"0":3,"1":3,"2":1,"3":1,"4":1},"f":{"0":3,"1":1},"b":{},"meta":{"lastBranch":0,"lastFunction":2,"lastStatement":5,"seen":{"s:6:56:34:Infinity":0,"f:6:56:6:63":0,"s:7:1:33:Infinity":1,"f:23:2:23:9":1,"s:24:23:24:Infinity":2,"s:26:18:29:Infinity":3,"s:31:3:31:Infinity":4}}}
,"E:\\courses\\rocketseat\\desafios\\node-primeira-api\\src\\routes\\get-course-by-id.ts": {"path":"E:\\courses\\rocketseat\\desafios\\node-primeira-api\\src\\routes\\get-course-by-id.ts","statementMap":{"0":{"start":{"line":7,"column":57},"end":{"line":44,"column":null}},"1":{"start":{"line":8,"column":1},"end":{"line":43,"column":null}},"2":{"start":{"line":30,"column":20},"end":{"line":30,"column":null}},"3":{"start":{"line":32,"column":18},"end":{"line":35,"column":null}},"4":{"start":{"line":37,"column":3},"end":{"line":39,"column":null}},"5":{"start":{"line":38,"column":4},"end":{"line":38,"column":null}},"6":{"start":{"line":41,"column":3},"end":{"line":41,"column":null}}},"fnMap":{"0":{"name":"(anonymous_0)","decl":{"start":{"line":7,"column":57},"end":{"line":7,"column":64}},"loc":{"start":{"line":7,"column":75},"end":{"line":44,"column":null}},"line":7},"1":{"name":"(anonymous_1)","decl":{"start":{"line":29,"column":2},"end":{"line":29,"column":9}},"loc":{"start":{"line":29,"column":28},"end":{"line":42,"column":null}},"line":29}},"branchMap":{"0":{"loc":{"start":{"line":37,"column":3},"end":{"line":39,"column":null}},"type":"if","locations":[{"start":{"line":37,"column":3},"end":{"line":39,"column":null}},{"start":{},"end":{}}],"line":37}},"s":{"0":3,"1":3,"2":2,"3":2,"4":2,"5":1,"6":1},"f":{"0":3,"1":2},"b":{"0":[1,1]},"meta":{"lastBranch":1,"lastFunction":2,"lastStatement":7,"seen":{"s:7:57:44:Infinity":0,"f:7:57:7:64":0,"s:8:1:43:Infinity":1,"f:29:2:29:9":1,"s:30:20:30:Infinity":2,"s:32:18:35:Infinity":3,"b:37:3:39:Infinity:undefined:undefined:undefined:undefined":0,"s:37:3:39:Infinity":4,"s:38:4:38:Infinity":5,"s:41:3:41:Infinity":6}}}
,"E:\\courses\\rocketseat\\desafios\\node-primeira-api\\src\\routes\\get-courses.ts": {"path":"E:\\courses\\rocketseat\\desafios\\node-primeira-api\\src\\routes\\get-courses.ts","statementMap":{"0":{"start":{"line":7,"column":54},"end":{"line":62,"column":null}},"1":{"start":{"line":8,"column":1},"end":{"line":61,"column":null}},"2":{"start":{"line":34,"column":37},"end":{"line":34,"column":null}},"3":{"start":{"line":36,"column":29},"end":{"line":36,"column":null}},"4":{"start":{"line":38,"column":3},"end":{"line":40,"column":null}},"5":{"start":{"line":39,"column":4},"end":{"line":39,"column":null}},"6":{"start":{"line":42,"column":27},"end":{"line":57,"column":null}},"7":{"start":{"line":59,"column":3},"end":{"line":59,"column":null}}},"fnMap":{"0":{"name":"(anonymous_0)","decl":{"start":{"line":7,"column":54},"end":{"line":7,"column":61}},"loc":{"start":{"line":7,"column":72},"end":{"line":62,"column":null}},"line":7},"1":{"name":"(anonymous_1)","decl":{"start":{"line":33,"column":2},"end":{"line":33,"column":9}},"loc":{"start":{"line":33,"column":28},"end":{"line":60,"column":null}},"line":33}},"branchMap":{"0":{"loc":{"start":{"line":38,"column":3},"end":{"line":40,"column":null}},"type":"if","locations":[{"start":{"line":38,"column":3},"end":{"line":40,"column":null}},{"start":{},"end":{}}],"line":38}},"s":{"0":3,"1":3,"2":1,"3":1,"4":1,"5":1,"6":1,"7":1},"f":{"0":3,"1":1},"b":{"0":[1,0]},"meta":{"lastBranch":1,"lastFunction":2,"lastStatement":8,"seen":{"s:7:54:62:Infinity":0,"f:7:54:7:61":0,"s:8:1:61:Infinity":1,"f:33:2:33:9":1,"s:34:37:34:Infinity":2,"s:36:29:36:Infinity":3,"b:38:3:40:Infinity:undefined:undefined:undefined:undefined":0,"s:38:3:40:Infinity":4,"s:39:4:39:Infinity":5,"s:42:27:57:Infinity":6,"s:59:3:59:Infinity":7}}}
,"E:\\courses\\rocketseat\\desafios\\node-primeira-api\\src\\tests\\factories\\make-course.ts": {"path":"E:\\courses\\rocketseat\\desafios\\node-primeira-api\\src\\tests\\factories\\make-course.ts","statementMap":{"0":{"start":{"line":7,"column":16},"end":{"line":12,"column":null}},"1":{"start":{"line":14,"column":1},"end":{"line":14,"column":null}}},"fnMap":{"0":{"name":"makeCourse","decl":{"start":{"line":6,"column":22},"end":{"line":6,"column":33}},"loc":{"start":{"line":6,"column":49},"end":{"line":15,"column":null}},"line":6}},"branchMap":{"0":{"loc":{"start":{"line":10,"column":10},"end":{"line":10,"column":null}},"type":"binary-expr","locations":[{"start":{"line":10,"column":10},"end":{"line":10,"column":19}},{"start":{"line":10,"column":19},"end":{"line":10,"column":null}}],"line":10}},"s":{"0":2,"1":2},"f":{"0":2},"b":{"0":[2,1]},"meta":{"lastBranch":1,"lastFunction":1,"lastStatement":2,"seen":{"f:6:22:6:33":0,"s:7:16:12:Infinity":0,"b:10:10:10:19:10:19:10:Infinity":0,"s:14:1:14:Infinity":1}}}
}
