{"E:\\courses\\rocketseat\\desafios\\node-primeira-api\\src\\app.ts": {"path":"E:\\courses\\rocketseat\\desafios\\node-primeira-api\\src\\app.ts","statementMap":{"0":{"start":{"line":15,"column":13},"end":{"line":25,"column":null}},"1":{"start":{"line":27,"column":0},"end":{"line":44,"column":null}},"2":{"start":{"line":28,"column":1},"end":{"line":36,"column":null}},"3":{"start":{"line":38,"column":1},"end":{"line":43,"column":null}},"4":{"start":{"line":46,"column":0},"end":{"line":46,"column":null}},"5":{"start":{"line":47,"column":0},"end":{"line":47,"column":null}},"6":{"start":{"line":49,"column":0},"end":{"line":49,"column":null}},"7":{"start":{"line":50,"column":0},"end":{"line":50,"column":null}},"8":{"start":{"line":51,"column":0},"end":{"line":51,"column":null}},"9":{"start":{"line":52,"column":0},"end":{"line":52,"column":null}}},"fnMap":{},"branchMap":{"0":{"loc":{"start":{"line":27,"column":0},"end":{"line":44,"column":null}},"type":"if","locations":[{"start":{"line":27,"column":0},"end":{"line":44,"column":null}},{"start":{},"end":{}}],"line":27}},"s":{"0":4,"1":4,"2":0,"3":0,"4":4,"5":4,"6":4,"7":4,"8":4,"9":4},"f":{},"b":{"0":[0,4]},"meta":{"lastBranch":1,"lastFunction":0,"lastStatement":10,"seen":{"s:15:13:25:Infinity":0,"b:27:0:44:Infinity:undefined:undefined:undefined:undefined":0,"s:27:0:44:Infinity":1,"s:28:1:36:Infinity":2,"s:38:1:43:Infinity":3,"s:46:0:46:Infinity":4,"s:47:0:47:Infinity":5,"s:49:0:49:Infinity":6,"s:50:0:50:Infinity":7,"s:51:0:51:Infinity":8,"s:52:0:52:Infinity":9}}}
,"E:\\courses\\rocketseat\\desafios\\node-primeira-api\\src\\database\\client.ts": {"path":"E:\\courses\\rocketseat\\desafios\\node-primeira-api\\src\\database\\client.ts","statementMap":{"0":{"start":{"line":3,"column":13},"end":{"line":5,"column":null}}},"fnMap":{},"branchMap":{},"s":{"0":4},"f":{},"b":{},"meta":{"lastBranch":0,"lastFunction":0,"lastStatement":1,"seen":{"s:3:13:5:Infinity":0}}}
,"E:\\courses\\rocketseat\\desafios\\node-primeira-api\\src\\database\\schema.ts": {"path":"E:\\courses\\rocketseat\\desafios\\node-primeira-api\\src\\database\\schema.ts","statementMap":{"0":{"start":{"line":10,"column":13},"end":{"line":10,"column":null}},"1":{"start":{"line":12,"column":13},"end":{"line":18,"column":null}},"2":{"start":{"line":20,"column":13},"end":{"line":24,"column":null}},"3":{"start":{"line":26,"column":13},"end":{"line":39,"column":null}},"4":{"start":{"line":32,"column":21},"end":{"line":32,"column":29}},"5":{"start":{"line":35,"column":21},"end":{"line":35,"column":31}},"6":{"start":{"line":38,"column":12},"end":{"line":38,"column":null}}},"fnMap":{"0":{"name":"(anonymous_0)","decl":{"start":{"line":32,"column":15},"end":{"line":32,"column":21}},"loc":{"start":{"line":32,"column":21},"end":{"line":32,"column":29}},"line":32},"1":{"name":"(anonymous_1)","decl":{"start":{"line":35,"column":15},"end":{"line":35,"column":21}},"loc":{"start":{"line":35,"column":21},"end":{"line":35,"column":31}},"line":35},"2":{"name":"(anonymous_2)","decl":{"start":{"line":38,"column":1},"end":{"line":38,"column":2}},"loc":{"start":{"line":38,"column":12},"end":{"line":38,"column":null}},"line":38}},"branchMap":{},"s":{"0":4,"1":4,"2":4,"3":4,"4":0,"5":0,"6":0},"f":{"0":0,"1":0,"2":0},"b":{},"meta":{"lastBranch":0,"lastFunction":3,"lastStatement":7,"seen":{"s:10:13:10:Infinity":0,"s:12:13:18:Infinity":1,"s:20:13:24:Infinity":2,"s:26:13:39:Infinity":3,"f:32:15:32:21":0,"s:32:21:32:29":4,"f:35:15:35:21":1,"s:35:21:35:31":5,"f:38:1:38:2":2,"s:38:12:38:Infinity":6}}}
,"E:\\courses\\rocketseat\\desafios\\node-primeira-api\\src\\routes\\create-course.ts": {"path":"E:\\courses\\rocketseat\\desafios\\node-primeira-api\\src\\routes\\create-course.ts","statementMap":{"0":{"start":{"line":8,"column":56},"end":{"line":37,"column":null}},"1":{"start":{"line":9,"column":1},"end":{"line":36,"column":null}},"2":{"start":{"line":27,"column":23},"end":{"line":27,"column":null}},"3":{"start":{"line":29,"column":18},"end":{"line":32,"column":null}},"4":{"start":{"line":34,"column":3},"end":{"line":34,"column":null}}},"fnMap":{"0":{"name":"(anonymous_0)","decl":{"start":{"line":8,"column":56},"end":{"line":8,"column":63}},"loc":{"start":{"line":8,"column":74},"end":{"line":37,"column":null}},"line":8},"1":{"name":"(anonymous_1)","decl":{"start":{"line":26,"column":2},"end":{"line":26,"column":9}},"loc":{"start":{"line":26,"column":28},"end":{"line":35,"column":null}},"line":26}},"branchMap":{},"s":{"0":4,"1":4,"2":1,"3":1,"4":1},"f":{"0":4,"1":1},"b":{},"meta":{"lastBranch":0,"lastFunction":2,"lastStatement":5,"seen":{"s:8:56:37:Infinity":0,"f:8:56:8:63":0,"s:9:1:36:Infinity":1,"f:26:2:26:9":1,"s:27:23:27:Infinity":2,"s:29:18:32:Infinity":3,"s:34:3:34:Infinity":4}}}
,"E:\\courses\\rocketseat\\desafios\\node-primeira-api\\src\\routes\\get-course-by-id.ts": {"path":"E:\\courses\\rocketseat\\desafios\\node-primeira-api\\src\\routes\\get-course-by-id.ts","statementMap":{"0":{"start":{"line":8,"column":57},"end":{"line":46,"column":null}},"1":{"start":{"line":9,"column":1},"end":{"line":45,"column":null}},"2":{"start":{"line":32,"column":20},"end":{"line":32,"column":null}},"3":{"start":{"line":34,"column":18},"end":{"line":37,"column":null}},"4":{"start":{"line":39,"column":3},"end":{"line":41,"column":null}},"5":{"start":{"line":40,"column":4},"end":{"line":40,"column":null}},"6":{"start":{"line":43,"column":3},"end":{"line":43,"column":null}}},"fnMap":{"0":{"name":"(anonymous_0)","decl":{"start":{"line":8,"column":57},"end":{"line":8,"column":64}},"loc":{"start":{"line":8,"column":75},"end":{"line":46,"column":null}},"line":8},"1":{"name":"(anonymous_1)","decl":{"start":{"line":31,"column":2},"end":{"line":31,"column":9}},"loc":{"start":{"line":31,"column":28},"end":{"line":44,"column":null}},"line":31}},"branchMap":{"0":{"loc":{"start":{"line":39,"column":3},"end":{"line":41,"column":null}},"type":"if","locations":[{"start":{"line":39,"column":3},"end":{"line":41,"column":null}},{"start":{},"end":{}}],"line":39}},"s":{"0":4,"1":4,"2":2,"3":2,"4":2,"5":1,"6":1},"f":{"0":4,"1":2},"b":{"0":[1,1]},"meta":{"lastBranch":1,"lastFunction":2,"lastStatement":7,"seen":{"s:8:57:46:Infinity":0,"f:8:57:8:64":0,"s:9:1:45:Infinity":1,"f:31:2:31:9":1,"s:32:20:32:Infinity":2,"s:34:18:37:Infinity":3,"b:39:3:41:Infinity:undefined:undefined:undefined:undefined":0,"s:39:3:41:Infinity":4,"s:40:4:40:Infinity":5,"s:43:3:43:Infinity":6}}}
,"E:\\courses\\rocketseat\\desafios\\node-primeira-api\\src\\routes\\get-courses.ts": {"path":"E:\\courses\\rocketseat\\desafios\\node-primeira-api\\src\\routes\\get-courses.ts","statementMap":{"0":{"start":{"line":9,"column":54},"end":{"line":65,"column":null}},"1":{"start":{"line":10,"column":1},"end":{"line":64,"column":null}},"2":{"start":{"line":37,"column":37},"end":{"line":37,"column":null}},"3":{"start":{"line":39,"column":29},"end":{"line":39,"column":null}},"4":{"start":{"line":41,"column":3},"end":{"line":43,"column":null}},"5":{"start":{"line":42,"column":4},"end":{"line":42,"column":null}},"6":{"start":{"line":45,"column":27},"end":{"line":60,"column":null}},"7":{"start":{"line":62,"column":3},"end":{"line":62,"column":null}}},"fnMap":{"0":{"name":"(anonymous_0)","decl":{"start":{"line":9,"column":54},"end":{"line":9,"column":61}},"loc":{"start":{"line":9,"column":72},"end":{"line":65,"column":null}},"line":9},"1":{"name":"(anonymous_1)","decl":{"start":{"line":36,"column":2},"end":{"line":36,"column":9}},"loc":{"start":{"line":36,"column":28},"end":{"line":63,"column":null}},"line":36}},"branchMap":{"0":{"loc":{"start":{"line":41,"column":3},"end":{"line":43,"column":null}},"type":"if","locations":[{"start":{"line":41,"column":3},"end":{"line":43,"column":null}},{"start":{},"end":{}}],"line":41}},"s":{"0":4,"1":4,"2":1,"3":1,"4":1,"5":1,"6":1,"7":1},"f":{"0":4,"1":1},"b":{"0":[1,0]},"meta":{"lastBranch":1,"lastFunction":2,"lastStatement":8,"seen":{"s:9:54:65:Infinity":0,"f:9:54:9:61":0,"s:10:1:64:Infinity":1,"f:36:2:36:9":1,"s:37:37:37:Infinity":2,"s:39:29:39:Infinity":3,"b:41:3:43:Infinity:undefined:undefined:undefined:undefined":0,"s:41:3:43:Infinity":4,"s:42:4:42:Infinity":5,"s:45:27:60:Infinity":6,"s:62:3:62:Infinity":7}}}
,"E:\\courses\\rocketseat\\desafios\\node-primeira-api\\src\\routes\\login.ts": {"path":"E:\\courses\\rocketseat\\desafios\\node-primeira-api\\src\\routes\\login.ts","statementMap":{"0":{"start":{"line":9,"column":49},"end":{"line":60,"column":null}},"1":{"start":{"line":10,"column":1},"end":{"line":59,"column":null}},"2":{"start":{"line":29,"column":31},"end":{"line":29,"column":null}},"3":{"start":{"line":31,"column":18},"end":{"line":34,"column":null}},"4":{"start":{"line":36,"column":3},"end":{"line":38,"column":null}},"5":{"start":{"line":37,"column":4},"end":{"line":37,"column":null}},"6":{"start":{"line":40,"column":16},"end":{"line":40,"column":null}},"7":{"start":{"line":42,"column":30},"end":{"line":42,"column":null}},"8":{"start":{"line":44,"column":3},"end":{"line":46,"column":null}},"9":{"start":{"line":45,"column":4},"end":{"line":45,"column":null}},"10":{"start":{"line":48,"column":3},"end":{"line":50,"column":null}},"11":{"start":{"line":49,"column":4},"end":{"line":49,"column":null}},"12":{"start":{"line":52,"column":17},"end":{"line":55,"column":null}},"13":{"start":{"line":57,"column":3},"end":{"line":57,"column":null}}},"fnMap":{"0":{"name":"(anonymous_0)","decl":{"start":{"line":9,"column":49},"end":{"line":9,"column":56}},"loc":{"start":{"line":9,"column":67},"end":{"line":60,"column":null}},"line":9},"1":{"name":"(anonymous_1)","decl":{"start":{"line":28,"column":2},"end":{"line":28,"column":9}},"loc":{"start":{"line":28,"column":28},"end":{"line":58,"column":null}},"line":28}},"branchMap":{"0":{"loc":{"start":{"line":36,"column":3},"end":{"line":38,"column":null}},"type":"if","locations":[{"start":{"line":36,"column":3},"end":{"line":38,"column":null}},{"start":{},"end":{}}],"line":36},"1":{"loc":{"start":{"line":44,"column":3},"end":{"line":46,"column":null}},"type":"if","locations":[{"start":{"line":44,"column":3},"end":{"line":46,"column":null}},{"start":{},"end":{}}],"line":44},"2":{"loc":{"start":{"line":48,"column":3},"end":{"line":50,"column":null}},"type":"if","locations":[{"start":{"line":48,"column":3},"end":{"line":50,"column":null}},{"start":{},"end":{}}],"line":48}},"s":{"0":4,"1":4,"2":1,"3":1,"4":1,"5":0,"6":1,"7":1,"8":1,"9":0,"10":1,"11":0,"12":1,"13":1},"f":{"0":4,"1":1},"b":{"0":[0,1],"1":[0,1],"2":[0,1]},"meta":{"lastBranch":3,"lastFunction":2,"lastStatement":14,"seen":{"s:9:49:60:Infinity":0,"f:9:49:9:56":0,"s:10:1:59:Infinity":1,"f:28:2:28:9":1,"s:29:31:29:Infinity":2,"s:31:18:34:Infinity":3,"b:36:3:38:Infinity:undefined:undefined:undefined:undefined":0,"s:36:3:38:Infinity":4,"s:37:4:37:Infinity":5,"s:40:16:40:Infinity":6,"s:42:30:42:Infinity":7,"b:44:3:46:Infinity:undefined:undefined:undefined:undefined":1,"s:44:3:46:Infinity":8,"s:45:4:45:Infinity":9,"b:48:3:50:Infinity:undefined:undefined:undefined:undefined":2,"s:48:3:50:Infinity":10,"s:49:4:49:Infinity":11,"s:52:17:55:Infinity":12,"s:57:3:57:Infinity":13}}}
,"E:\\courses\\rocketseat\\desafios\\node-primeira-api\\src\\routes\\hooks\\check-request-jwt.ts": {"path":"E:\\courses\\rocketseat\\desafios\\node-primeira-api\\src\\routes\\hooks\\check-request-jwt.ts","statementMap":{"0":{"start":{"line":13,"column":15},"end":{"line":13,"column":null}},"1":{"start":{"line":15,"column":1},"end":{"line":17,"column":null}},"2":{"start":{"line":16,"column":2},"end":{"line":16,"column":null}},"3":{"start":{"line":19,"column":1},"end":{"line":21,"column":null}},"4":{"start":{"line":20,"column":2},"end":{"line":20,"column":null}},"5":{"start":{"line":23,"column":1},"end":{"line":29,"column":null}},"6":{"start":{"line":24,"column":18},"end":{"line":24,"column":null}},"7":{"start":{"line":26,"column":2},"end":{"line":26,"column":null}},"8":{"start":{"line":28,"column":2},"end":{"line":28,"column":null}}},"fnMap":{"0":{"name":"checkRequestJWT","decl":{"start":{"line":9,"column":22},"end":{"line":9,"column":null}},"loc":{"start":{"line":12,"column":2},"end":{"line":30,"column":null}},"line":12}},"branchMap":{"0":{"loc":{"start":{"line":15,"column":1},"end":{"line":17,"column":null}},"type":"if","locations":[{"start":{"line":15,"column":1},"end":{"line":17,"column":null}},{"start":{},"end":{}}],"line":15},"1":{"loc":{"start":{"line":19,"column":1},"end":{"line":21,"column":null}},"type":"if","locations":[{"start":{"line":19,"column":1},"end":{"line":21,"column":null}},{"start":{},"end":{}}],"line":19}},"s":{"0":4,"1":4,"2":0,"3":4,"4":0,"5":4,"6":4,"7":4,"8":0},"f":{"0":4},"b":{"0":[0,4],"1":[0,4]},"meta":{"lastBranch":2,"lastFunction":1,"lastStatement":9,"seen":{"f:9:22:9:Infinity":0,"s:13:15:13:Infinity":0,"b:15:1:17:Infinity:undefined:undefined:undefined:undefined":0,"s:15:1:17:Infinity":1,"s:16:2:16:Infinity":2,"b:19:1:21:Infinity:undefined:undefined:undefined:undefined":1,"s:19:1:21:Infinity":3,"s:20:2:20:Infinity":4,"s:23:1:29:Infinity":5,"s:24:18:24:Infinity":6,"s:26:2:26:Infinity":7,"s:28:2:28:Infinity":8}}}
,"E:\\courses\\rocketseat\\desafios\\node-primeira-api\\src\\routes\\hooks\\check-user-role.ts": {"path":"E:\\courses\\rocketseat\\desafios\\node-primeira-api\\src\\routes\\hooks\\check-user-role.ts","statementMap":{"0":{"start":{"line":5,"column":1},"end":{"line":11,"column":null}},"1":{"start":{"line":6,"column":8},"end":{"line":6,"column":null}},"2":{"start":{"line":8,"column":2},"end":{"line":10,"column":null}},"3":{"start":{"line":9,"column":3},"end":{"line":9,"column":null}}},"fnMap":{"0":{"name":"checkUserRole","decl":{"start":{"line":4,"column":16},"end":{"line":4,"column":30}},"loc":{"start":{"line":4,"column":59},"end":{"line":12,"column":null}},"line":4},"1":{"name":"(anonymous_1)","decl":{"start":{"line":5,"column":8},"end":{"line":5,"column":24}},"loc":{"start":{"line":5,"column":70},"end":{"line":11,"column":null}},"line":5}},"branchMap":{"0":{"loc":{"start":{"line":8,"column":2},"end":{"line":10,"column":null}},"type":"if","locations":[{"start":{"line":8,"column":2},"end":{"line":10,"column":null}},{"start":{},"end":{}}],"line":8}},"s":{"0":8,"1":2,"2":2,"3":0},"f":{"0":8,"1":2},"b":{"0":[0,2]},"meta":{"lastBranch":1,"lastFunction":2,"lastStatement":4,"seen":{"f:4:16:4:30":0,"s:5:1:11:Infinity":0,"f:5:8:5:24":1,"s:6:8:6:Infinity":1,"b:8:2:10:Infinity:undefined:undefined:undefined:undefined":0,"s:8:2:10:Infinity":2,"s:9:3:9:Infinity":3}}}
,"E:\\courses\\rocketseat\\desafios\\node-primeira-api\\src\\tests\\factories\\make-course.ts": {"path":"E:\\courses\\rocketseat\\desafios\\node-primeira-api\\src\\tests\\factories\\make-course.ts","statementMap":{"0":{"start":{"line":7,"column":16},"end":{"line":12,"column":null}},"1":{"start":{"line":14,"column":1},"end":{"line":14,"column":null}}},"fnMap":{"0":{"name":"makeCourse","decl":{"start":{"line":6,"column":22},"end":{"line":6,"column":33}},"loc":{"start":{"line":6,"column":49},"end":{"line":15,"column":null}},"line":6}},"branchMap":{"0":{"loc":{"start":{"line":10,"column":10},"end":{"line":10,"column":null}},"type":"binary-expr","locations":[{"start":{"line":10,"column":10},"end":{"line":10,"column":19}},{"start":{"line":10,"column":19},"end":{"line":10,"column":null}}],"line":10}},"s":{"0":2,"1":2},"f":{"0":2},"b":{"0":[2,1]},"meta":{"lastBranch":1,"lastFunction":1,"lastStatement":2,"seen":{"f:6:22:6:33":0,"s:7:16:12:Infinity":0,"b:10:10:10:19:10:19:10:Infinity":0,"s:14:1:14:Infinity":1}}}
,"E:\\courses\\rocketseat\\desafios\\node-primeira-api\\src\\tests\\factories\\make-user.ts": {"path":"E:\\courses\\rocketseat\\desafios\\node-primeira-api\\src\\tests\\factories\\make-user.ts","statementMap":{"0":{"start":{"line":9,"column":7},"end":{"line":9,"column":null}},"1":{"start":{"line":11,"column":16},"end":{"line":19,"column":null}},"2":{"start":{"line":21,"column":1},"end":{"line":24,"column":null}},"3":{"start":{"line":28,"column":18},"end":{"line":28,"column":null}},"4":{"start":{"line":30,"column":1},"end":{"line":32,"column":null}},"5":{"start":{"line":31,"column":2},"end":{"line":31,"column":null}},"6":{"start":{"line":34,"column":15},"end":{"line":37,"column":null}},"7":{"start":{"line":39,"column":1},"end":{"line":39,"column":null}}},"fnMap":{"0":{"name":"makeUser","decl":{"start":{"line":8,"column":22},"end":{"line":8,"column":31}},"loc":{"start":{"line":8,"column":61},"end":{"line":25,"column":null}},"line":8},"1":{"name":"makeAuthenticatedUser","decl":{"start":{"line":27,"column":22},"end":{"line":27,"column":44}},"loc":{"start":{"line":27,"column":73},"end":{"line":40,"column":null}},"line":27}},"branchMap":{"0":{"loc":{"start":{"line":30,"column":1},"end":{"line":32,"column":null}},"type":"if","locations":[{"start":{"line":30,"column":1},"end":{"line":32,"column":null}},{"start":{},"end":{}}],"line":30}},"s":{"0":5,"1":5,"2":5,"3":4,"4":4,"5":0,"6":4,"7":4},"f":{"0":5,"1":4},"b":{"0":[0,4]},"meta":{"lastBranch":1,"lastFunction":2,"lastStatement":8,"seen":{"f:8:22:8:31":0,"s:9:7:9:Infinity":0,"s:11:16:19:Infinity":1,"s:21:1:24:Infinity":2,"f:27:22:27:44":1,"s:28:18:28:Infinity":3,"b:30:1:32:Infinity:undefined:undefined:undefined:undefined":0,"s:30:1:32:Infinity":4,"s:31:2:31:Infinity":5,"s:34:15:37:Infinity":6,"s:39:1:39:Infinity":7}}}
,"E:\\courses\\rocketseat\\desafios\\node-primeira-api\\src\\utils\\get-authenticated-user-from-request.ts": {"path":"E:\\courses\\rocketseat\\desafios\\node-primeira-api\\src\\utils\\get-authenticated-user-from-request.ts","statementMap":{"0":{"start":{"line":4,"column":14},"end":{"line":4,"column":null}},"1":{"start":{"line":6,"column":1},"end":{"line":8,"column":null}},"2":{"start":{"line":7,"column":2},"end":{"line":7,"column":null}},"3":{"start":{"line":10,"column":1},"end":{"line":10,"column":null}}},"fnMap":{"0":{"name":"getAuthenticatedUserFromRequest","decl":{"start":{"line":3,"column":16},"end":{"line":3,"column":48}},"loc":{"start":{"line":3,"column":73},"end":{"line":11,"column":null}},"line":3}},"branchMap":{"0":{"loc":{"start":{"line":6,"column":1},"end":{"line":8,"column":null}},"type":"if","locations":[{"start":{"line":6,"column":1},"end":{"line":8,"column":null}},{"start":{},"end":{}}],"line":6}},"s":{"0":2,"1":2,"2":0,"3":2},"f":{"0":2},"b":{"0":[0,2]},"meta":{"lastBranch":1,"lastFunction":1,"lastStatement":4,"seen":{"f:3:16:3:48":0,"s:4:14:4:Infinity":0,"b:6:1:8:Infinity:undefined:undefined:undefined:undefined":0,"s:6:1:8:Infinity":1,"s:7:2:7:Infinity":2,"s:10:1:10:Infinity":3}}}
}
